Determining if the pthread_create exist failed with the following output:
Change Dir: /users/visics/kkelchte/Gazebo/flying_camera/build/CMakeFiles/CMakeTmp

Run Build Command:"/usr/bin/gmake" "cmTC_1e9d9/fast"
gmake[1]: Entering directory '/users/visics/kkelchte/Gazebo/flying_camera/build/CMakeFiles/CMakeTmp'
/usr/bin/gmake -f CMakeFiles/cmTC_1e9d9.dir/build.make CMakeFiles/cmTC_1e9d9.dir/build
gmake[2]: Entering directory '/users/visics/kkelchte/Gazebo/flying_camera/build/CMakeFiles/CMakeTmp'
Building C object CMakeFiles/cmTC_1e9d9.dir/CheckSymbolExists.c.o
/usr/bin/cc     -o CMakeFiles/cmTC_1e9d9.dir/CheckSymbolExists.c.o   -c /users/visics/kkelchte/Gazebo/flying_camera/build/CMakeFiles/CMakeTmp/CheckSymbolExists.c
Linking C executable cmTC_1e9d9
/usr/bin/cmake -E cmake_link_script CMakeFiles/cmTC_1e9d9.dir/link.txt --verbose=1
/usr/bin/cc       CMakeFiles/cmTC_1e9d9.dir/CheckSymbolExists.c.o  -o cmTC_1e9d9 -rdynamic 
CMakeFiles/cmTC_1e9d9.dir/CheckSymbolExists.c.o: In function `main':
CheckSymbolExists.c:(.text+0x16): undefined reference to `pthread_create'
collect2: error: ld returned 1 exit status
CMakeFiles/cmTC_1e9d9.dir/build.make:97: recipe for target 'cmTC_1e9d9' failed
gmake[2]: *** [cmTC_1e9d9] Error 1
gmake[2]: Leaving directory '/users/visics/kkelchte/Gazebo/flying_camera/build/CMakeFiles/CMakeTmp'
Makefile:126: recipe for target 'cmTC_1e9d9/fast' failed
gmake[1]: *** [cmTC_1e9d9/fast] Error 2
gmake[1]: Leaving directory '/users/visics/kkelchte/Gazebo/flying_camera/build/CMakeFiles/CMakeTmp'

File /users/visics/kkelchte/Gazebo/flying_camera/build/CMakeFiles/CMakeTmp/CheckSymbolExists.c:
/* */
#include <pthread.h>

int main(int argc, char** argv)
{
  (void)argv;
#ifndef pthread_create
  return ((int*)(&pthread_create))[argc];
#else
  (void)argc;
  return 0;
#endif
}

Determining if the function pthread_create exists in the pthreads failed with the following output:
Change Dir: /users/visics/kkelchte/Gazebo/flying_camera/build/CMakeFiles/CMakeTmp

Run Build Command:"/usr/bin/gmake" "cmTC_c2927/fast"
gmake[1]: Entering directory '/users/visics/kkelchte/Gazebo/flying_camera/build/CMakeFiles/CMakeTmp'
/usr/bin/gmake -f CMakeFiles/cmTC_c2927.dir/build.make CMakeFiles/cmTC_c2927.dir/build
gmake[2]: Entering directory '/users/visics/kkelchte/Gazebo/flying_camera/build/CMakeFiles/CMakeTmp'
Building C object CMakeFiles/cmTC_c2927.dir/CheckFunctionExists.c.o
/usr/bin/cc    -DCHECK_FUNCTION_EXISTS=pthread_create   -o CMakeFiles/cmTC_c2927.dir/CheckFunctionExists.c.o   -c /usr/share/cmake/Modules/CheckFunctionExists.c
Linking C executable cmTC_c2927
/usr/bin/cmake -E cmake_link_script CMakeFiles/cmTC_c2927.dir/link.txt --verbose=1
/usr/bin/cc   -DCHECK_FUNCTION_EXISTS=pthread_create    CMakeFiles/cmTC_c2927.dir/CheckFunctionExists.c.o  -o cmTC_c2927 -rdynamic -lpthreads 
/usr/bin/ld: cannot find -lpthreads
collect2: error: ld returned 1 exit status
CMakeFiles/cmTC_c2927.dir/build.make:97: recipe for target 'cmTC_c2927' failed
gmake[2]: *** [cmTC_c2927] Error 1
gmake[2]: Leaving directory '/users/visics/kkelchte/Gazebo/flying_camera/build/CMakeFiles/CMakeTmp'
Makefile:126: recipe for target 'cmTC_c2927/fast' failed
gmake[1]: *** [cmTC_c2927/fast] Error 2
gmake[1]: Leaving directory '/users/visics/kkelchte/Gazebo/flying_camera/build/CMakeFiles/CMakeTmp'


