Determining if the pthread_create exist failed with the following output:
Change Dir: /users/visics/kkelchte/Gazebo/flying_camera_objectsspawn/build/CMakeFiles/CMakeTmp

Run Build Command:"/usr/bin/gmake" "cmTC_68768/fast"
/usr/bin/gmake -f CMakeFiles/cmTC_68768.dir/build.make CMakeFiles/cmTC_68768.dir/build
gmake[1]: Entering directory '/users/visics/kkelchte/Gazebo/flying_camera_objectsspawn/build/CMakeFiles/CMakeTmp'
Building C object CMakeFiles/cmTC_68768.dir/CheckSymbolExists.c.o
/usr/bin/cc     -o CMakeFiles/cmTC_68768.dir/CheckSymbolExists.c.o   -c /users/visics/kkelchte/Gazebo/flying_camera_objectsspawn/build/CMakeFiles/CMakeTmp/CheckSymbolExists.c
Linking C executable cmTC_68768
/usr/bin/cmake -E cmake_link_script CMakeFiles/cmTC_68768.dir/link.txt --verbose=1
/usr/bin/cc       CMakeFiles/cmTC_68768.dir/CheckSymbolExists.c.o  -o cmTC_68768 -rdynamic 
CMakeFiles/cmTC_68768.dir/CheckSymbolExists.c.o: In function `main':
CheckSymbolExists.c:(.text+0x16): undefined reference to `pthread_create'
collect2: error: ld returned 1 exit status
CMakeFiles/cmTC_68768.dir/build.make:97: recipe for target 'cmTC_68768' failed
gmake[1]: *** [cmTC_68768] Error 1
gmake[1]: Leaving directory '/users/visics/kkelchte/Gazebo/flying_camera_objectsspawn/build/CMakeFiles/CMakeTmp'
Makefile:126: recipe for target 'cmTC_68768/fast' failed
gmake: *** [cmTC_68768/fast] Error 2

File /users/visics/kkelchte/Gazebo/flying_camera_objectsspawn/build/CMakeFiles/CMakeTmp/CheckSymbolExists.c:
/* */
#include <pthread.h>

int main(int argc, char** argv)
{
  (void)argv;
#ifndef pthread_create
  return ((int*)(&pthread_create))[argc];
#else
  (void)argc;
  return 0;
#endif
}

Determining if the function pthread_create exists in the pthreads failed with the following output:
Change Dir: /users/visics/kkelchte/Gazebo/flying_camera_objectsspawn/build/CMakeFiles/CMakeTmp

Run Build Command:"/usr/bin/gmake" "cmTC_2b45d/fast"
/usr/bin/gmake -f CMakeFiles/cmTC_2b45d.dir/build.make CMakeFiles/cmTC_2b45d.dir/build
gmake[1]: Entering directory '/users/visics/kkelchte/Gazebo/flying_camera_objectsspawn/build/CMakeFiles/CMakeTmp'
Building C object CMakeFiles/cmTC_2b45d.dir/CheckFunctionExists.c.o
/usr/bin/cc    -DCHECK_FUNCTION_EXISTS=pthread_create   -o CMakeFiles/cmTC_2b45d.dir/CheckFunctionExists.c.o   -c /usr/share/cmake/Modules/CheckFunctionExists.c
Linking C executable cmTC_2b45d
/usr/bin/cmake -E cmake_link_script CMakeFiles/cmTC_2b45d.dir/link.txt --verbose=1
/usr/bin/cc   -DCHECK_FUNCTION_EXISTS=pthread_create    CMakeFiles/cmTC_2b45d.dir/CheckFunctionExists.c.o  -o cmTC_2b45d -rdynamic -lpthreads 
/usr/bin/ld: cannot find -lpthreads
collect2: error: ld returned 1 exit status
CMakeFiles/cmTC_2b45d.dir/build.make:97: recipe for target 'cmTC_2b45d' failed
gmake[1]: *** [cmTC_2b45d] Error 1
gmake[1]: Leaving directory '/users/visics/kkelchte/Gazebo/flying_camera_objectsspawn/build/CMakeFiles/CMakeTmp'
Makefile:126: recipe for target 'cmTC_2b45d/fast' failed
gmake: *** [cmTC_2b45d/fast] Error 2


