Determining if the pthread_create exist failed with the following output:
Change Dir: /users/visics/kkelchte/Gazebo/Worldplugin/build/CMakeFiles/CMakeTmp

Run Build Command:"/usr/bin/gmake" "cmTC_d47cb/fast"
/usr/bin/gmake -f CMakeFiles/cmTC_d47cb.dir/build.make CMakeFiles/cmTC_d47cb.dir/build
gmake[1]: Entering directory '/users/visics/kkelchte/Gazebo/Worldplugin/build/CMakeFiles/CMakeTmp'
Building C object CMakeFiles/cmTC_d47cb.dir/CheckSymbolExists.c.o
/usr/bin/cc     -o CMakeFiles/cmTC_d47cb.dir/CheckSymbolExists.c.o   -c /users/visics/kkelchte/Gazebo/Worldplugin/build/CMakeFiles/CMakeTmp/CheckSymbolExists.c
Linking C executable cmTC_d47cb
/usr/bin/cmake -E cmake_link_script CMakeFiles/cmTC_d47cb.dir/link.txt --verbose=1
/usr/bin/cc       CMakeFiles/cmTC_d47cb.dir/CheckSymbolExists.c.o  -o cmTC_d47cb -rdynamic 
CMakeFiles/cmTC_d47cb.dir/CheckSymbolExists.c.o: In function `main':
CheckSymbolExists.c:(.text+0x16): undefined reference to `pthread_create'
collect2: error: ld returned 1 exit status
CMakeFiles/cmTC_d47cb.dir/build.make:97: recipe for target 'cmTC_d47cb' failed
gmake[1]: *** [cmTC_d47cb] Error 1
gmake[1]: Leaving directory '/users/visics/kkelchte/Gazebo/Worldplugin/build/CMakeFiles/CMakeTmp'
Makefile:126: recipe for target 'cmTC_d47cb/fast' failed
gmake: *** [cmTC_d47cb/fast] Error 2

File /users/visics/kkelchte/Gazebo/Worldplugin/build/CMakeFiles/CMakeTmp/CheckSymbolExists.c:
/* */
#include <pthread.h>

int main(int argc, char** argv)
{
  (void)argv;
#ifndef pthread_create
  return ((int*)(&pthread_create))[argc];
#else
  (void)argc;
  return 0;
#endif
}

Determining if the function pthread_create exists in the pthreads failed with the following output:
Change Dir: /users/visics/kkelchte/Gazebo/Worldplugin/build/CMakeFiles/CMakeTmp

Run Build Command:"/usr/bin/gmake" "cmTC_aa80a/fast"
/usr/bin/gmake -f CMakeFiles/cmTC_aa80a.dir/build.make CMakeFiles/cmTC_aa80a.dir/build
gmake[1]: Entering directory '/users/visics/kkelchte/Gazebo/Worldplugin/build/CMakeFiles/CMakeTmp'
Building C object CMakeFiles/cmTC_aa80a.dir/CheckFunctionExists.c.o
/usr/bin/cc    -DCHECK_FUNCTION_EXISTS=pthread_create   -o CMakeFiles/cmTC_aa80a.dir/CheckFunctionExists.c.o   -c /usr/share/cmake/Modules/CheckFunctionExists.c
Linking C executable cmTC_aa80a
/usr/bin/cmake -E cmake_link_script CMakeFiles/cmTC_aa80a.dir/link.txt --verbose=1
/usr/bin/cc   -DCHECK_FUNCTION_EXISTS=pthread_create    CMakeFiles/cmTC_aa80a.dir/CheckFunctionExists.c.o  -o cmTC_aa80a -rdynamic -lpthreads 
/usr/bin/ld: cannot find -lpthreads
collect2: error: ld returned 1 exit status
CMakeFiles/cmTC_aa80a.dir/build.make:97: recipe for target 'cmTC_aa80a' failed
gmake[1]: *** [cmTC_aa80a] Error 1
gmake[1]: Leaving directory '/users/visics/kkelchte/Gazebo/Worldplugin/build/CMakeFiles/CMakeTmp'
Makefile:126: recipe for target 'cmTC_aa80a/fast' failed
gmake: *** [cmTC_aa80a/fast] Error 2


