Determining if the pthread_create exist failed with the following output:
Change Dir: /users/visics/kkelchte/Gazebo/Modelplugin/build/CMakeFiles/CMakeTmp

Run Build Command:"/usr/bin/gmake" "cmTC_10254/fast"
/usr/bin/gmake -f CMakeFiles/cmTC_10254.dir/build.make CMakeFiles/cmTC_10254.dir/build
gmake[1]: Entering directory '/users/visics/kkelchte/Gazebo/Modelplugin/build/CMakeFiles/CMakeTmp'
Building C object CMakeFiles/cmTC_10254.dir/CheckSymbolExists.c.o
/usr/bin/cc     -o CMakeFiles/cmTC_10254.dir/CheckSymbolExists.c.o   -c /users/visics/kkelchte/Gazebo/Modelplugin/build/CMakeFiles/CMakeTmp/CheckSymbolExists.c
Linking C executable cmTC_10254
/usr/bin/cmake -E cmake_link_script CMakeFiles/cmTC_10254.dir/link.txt --verbose=1
/usr/bin/cc       CMakeFiles/cmTC_10254.dir/CheckSymbolExists.c.o  -o cmTC_10254 -rdynamic 
CMakeFiles/cmTC_10254.dir/CheckSymbolExists.c.o: In function `main':
CheckSymbolExists.c:(.text+0x16): undefined reference to `pthread_create'
collect2: error: ld returned 1 exit status
CMakeFiles/cmTC_10254.dir/build.make:97: recipe for target 'cmTC_10254' failed
gmake[1]: *** [cmTC_10254] Error 1
gmake[1]: Leaving directory '/users/visics/kkelchte/Gazebo/Modelplugin/build/CMakeFiles/CMakeTmp'
Makefile:126: recipe for target 'cmTC_10254/fast' failed
gmake: *** [cmTC_10254/fast] Error 2

File /users/visics/kkelchte/Gazebo/Modelplugin/build/CMakeFiles/CMakeTmp/CheckSymbolExists.c:
/* */
#include <pthread.h>

int main(int argc, char** argv)
{
  (void)argv;
#ifndef pthread_create
  return ((int*)(&pthread_create))[argc];
#else
  (void)argc;
  return 0;
#endif
}

Determining if the function pthread_create exists in the pthreads failed with the following output:
Change Dir: /users/visics/kkelchte/Gazebo/Modelplugin/build/CMakeFiles/CMakeTmp

Run Build Command:"/usr/bin/gmake" "cmTC_d5841/fast"
/usr/bin/gmake -f CMakeFiles/cmTC_d5841.dir/build.make CMakeFiles/cmTC_d5841.dir/build
gmake[1]: Entering directory '/users/visics/kkelchte/Gazebo/Modelplugin/build/CMakeFiles/CMakeTmp'
Building C object CMakeFiles/cmTC_d5841.dir/CheckFunctionExists.c.o
/usr/bin/cc    -DCHECK_FUNCTION_EXISTS=pthread_create   -o CMakeFiles/cmTC_d5841.dir/CheckFunctionExists.c.o   -c /usr/share/cmake/Modules/CheckFunctionExists.c
Linking C executable cmTC_d5841
/usr/bin/cmake -E cmake_link_script CMakeFiles/cmTC_d5841.dir/link.txt --verbose=1
/usr/bin/cc   -DCHECK_FUNCTION_EXISTS=pthread_create    CMakeFiles/cmTC_d5841.dir/CheckFunctionExists.c.o  -o cmTC_d5841 -rdynamic -lpthreads 
/usr/bin/ld: cannot find -lpthreads
collect2: error: ld returned 1 exit status
CMakeFiles/cmTC_d5841.dir/build.make:97: recipe for target 'cmTC_d5841' failed
gmake[1]: *** [cmTC_d5841] Error 1
gmake[1]: Leaving directory '/users/visics/kkelchte/Gazebo/Modelplugin/build/CMakeFiles/CMakeTmp'
Makefile:126: recipe for target 'cmTC_d5841/fast' failed
gmake: *** [cmTC_d5841/fast] Error 2


